<?xml version="1.0" encoding="UTF-8"?>
<!-- Generated by org.testng.reporters.JUnitReportReporter -->
<testsuite hostname="Bhakti-PC" name="com.medo.testcases.TC_EditCustomer_VerifyCusId_005" tests="4" failures="0" timestamp="31 Mar 2019 08:28:03 GMT" time="63.453" errors="0">
  <testcase name="edit_numeric" time="6.192" classname="com.medo.testcases.TC_EditCustomer_VerifyCusId_005"/>
  <testcase name="edit_blank" time="37.457" classname="com.medo.testcases.TC_EditCustomer_VerifyCusId_005"/>
  <testcase name="edit_valid" time="13.730" classname="com.medo.testcases.TC_EditCustomer_VerifyCusId_005"/>
  <testcase name="edit_splchar" time="6.074" classname="com.medo.testcases.TC_EditCustomer_VerifyCusId_005"/>
</testsuite> <!-- com.medo.testcases.TC_EditCustomer_VerifyCusId_005 -->
