<?xml version="1.0" encoding="UTF-8"?>
<!-- Generated by org.testng.reporters.JUnitReportReporter -->
<testsuite hostname="Bhakti-PC" name="com.medo.testcases.TC_EditCustomer_VerifyCity_006" tests="3" failures="0" timestamp="31 Mar 2019 08:35:44 GMT" time="60.267" errors="0">
  <testcase name="edit_blank" time="36.156" classname="com.medo.testcases.TC_EditCustomer_VerifyCity_006"/>
  <testcase name="edit_city_splchar" time="13.051" classname="com.medo.testcases.TC_EditCustomer_VerifyCity_006"/>
  <testcase name="edit_city_numeric" time="11.060" classname="com.medo.testcases.TC_EditCustomer_VerifyCity_006"/>
</testsuite> <!-- com.medo.testcases.TC_EditCustomer_VerifyCity_006 -->
