<?xml version="1.0" encoding="UTF-8"?>
<!-- Generated by org.testng.reporters.JUnitReportReporter -->
<testsuite hostname="Bhakti-PC" name="com.medo.testcases.TC_AddCustomer_VerifyName_004" tests="4" failures="0" timestamp="31 Mar 2019 05:19:19 GMT" time="62.730" errors="0">
  <testcase name="test_numeric" time="10.511" classname="com.medo.testcases.TC_AddCustomer_VerifyName_004"/>
  <testcase name="test_splchar" time="7.813" classname="com.medo.testcases.TC_AddCustomer_VerifyName_004"/>
  <testcase name="test_blank" time="34.441" classname="com.medo.testcases.TC_AddCustomer_VerifyName_004"/>
  <testcase name="test_space" time="9.965" classname="com.medo.testcases.TC_AddCustomer_VerifyName_004"/>
</testsuite> <!-- com.medo.testcases.TC_AddCustomer_VerifyName_004 -->
